<?xml version="1.0" encoding="UTF-8"?>
<!-- Generated by org.testng.reporters.JUnitReportReporter -->
<testsuite hostname="CS0-06" name="cs265.CS265B_Lab_Week08_SportsClubTest" tests="4" failures="0" timestamp="13 Apr 2018 13:46:54 GMT" time="0.027" errors="0">
  <testcase name="calculateFee1" time="0.021" classname="cs265.CS265B_Lab_Week08_SportsClubTest"/>
  <testcase name="calculateFee3" time="0.002" classname="cs265.CS265B_Lab_Week08_SportsClubTest"/>
  <testcase name="calculateFee2" time="0.001" classname="cs265.CS265B_Lab_Week08_SportsClubTest"/>
  <testcase name="calculateFee4" time="0.003" classname="cs265.CS265B_Lab_Week08_SportsClubTest"/>
</testsuite> <!-- cs265.CS265B_Lab_Week08_SportsClubTest -->
