<?xml version="1.0" encoding="UTF-8"?>
<!-- Generated by org.testng.reporters.JUnitReportReporter -->
<testsuite skipped="0" hostname="CS0-45" name="cs265.CS265_Lab_Week04_sales_Test" tests="7" failures="0" timestamp="23 Feb 2018 14:25:33 GMT" time="0.029" errors="0">
  <testcase name="saleRate_test3" time="0.003" classname="cs265.CS265_Lab_Week04_sales_Test"/>
  <testcase name="saleRate_test1" time="0.020" classname="cs265.CS265_Lab_Week04_sales_Test"/>
  <testcase name="saleRate_test4" time="0.002" classname="cs265.CS265_Lab_Week04_sales_Test"/>
  <testcase name="saleRate_test6" time="0.001" classname="cs265.CS265_Lab_Week04_sales_Test"/>
  <testcase name="saleRate_test7" time="0.001" classname="cs265.CS265_Lab_Week04_sales_Test"/>
  <testcase name="saleRate_test5" time="0.001" classname="cs265.CS265_Lab_Week04_sales_Test"/>
  <testcase name="saleRate_test2" time="0.001" classname="cs265.CS265_Lab_Week04_sales_Test"/>
</testsuite> <!-- cs265.CS265_Lab_Week04_sales_Test -->
