<?xml version="1.0" encoding="UTF-8"?>
<!-- Generated by org.testng.reporters.JUnitReportReporter -->
<testsuite skipped="0" hostname="CS0-45" name="cs265.CS265_Lab_Week04_equipment_Test" tests="4" failures="0" timestamp="23 Feb 2018 14:20:20 GMT" time="0.022" errors="0">
  <testcase name="equipmentInsurance_test3" time="0.001" classname="cs265.CS265_Lab_Week04_equipment_Test"/>
  <testcase name="equipmentInsurance_test1" time="0.019" classname="cs265.CS265_Lab_Week04_equipment_Test"/>
  <testcase name="equipmentInsurance_test4" time="0.001" classname="cs265.CS265_Lab_Week04_equipment_Test"/>
  <testcase name="equipmentInsurance_test2" time="0.001" classname="cs265.CS265_Lab_Week04_equipment_Test"/>
</testsuite> <!-- cs265.CS265_Lab_Week04_equipment_Test -->
