<?xml version="1.0" encoding="UTF-8"?>
<!-- Generated by org.testng.reporters.JUnitReportReporter -->
<testsuite skipped="0" hostname="CS0-45" name="cs265.CS265_Lab_Week04_moodle_Test" tests="4" failures="0" timestamp="23 Feb 2018 14:31:12 GMT" time="0.026" errors="0">
  <testcase name="doMoodleLogon_test3" time="0.001" classname="cs265.CS265_Lab_Week04_moodle_Test"/>
  <testcase name="doMoodleLogon_test1" time="0.022" classname="cs265.CS265_Lab_Week04_moodle_Test"/>
  <testcase name="doMoodleLogon_test4" time="0.001" classname="cs265.CS265_Lab_Week04_moodle_Test"/>
  <testcase name="doMoodleLogon_test2" time="0.002" classname="cs265.CS265_Lab_Week04_moodle_Test"/>
</testsuite> <!-- cs265.CS265_Lab_Week04_moodle_Test -->
