<?xml version="1.0" encoding="UTF-8"?>
<!-- Generated by org.testng.reporters.JUnitReportReporter -->
<testsuite skipped="0" hostname="CS0-37" name="cs265.SavingsAccountTest2" tests="8" failures="0" timestamp="16 Feb 2018 14:38:43 GMT" time="0.028" errors="0">
  <testcase name="discountRate_test2" time="0.002" classname="cs265.SavingsAccountTest2"/>
  <testcase name="discountRate_test3" time="0.001" classname="cs265.SavingsAccountTest2"/>
  <testcase name="discountRate_test5" time="0.001" classname="cs265.SavingsAccountTest2"/>
  <testcase name="discountRate_test6" time="0.001" classname="cs265.SavingsAccountTest2"/>
  <testcase name="discountRate_test4" time="0.002" classname="cs265.SavingsAccountTest2"/>
  <testcase name="discountRate_test1" time="0.018" classname="cs265.SavingsAccountTest2"/>
  <testcase name="discountRate_test7" time="0.002" classname="cs265.SavingsAccountTest2"/>
  <testcase name="discountRate_test8" time="0.001" classname="cs265.SavingsAccountTest2"/>
</testsuite> <!-- cs265.SavingsAccountTest2 -->
