<?xml version="1.0" encoding="UTF-8"?>
<!-- Generated by org.testng.reporters.JUnitReportReporter -->
<testsuite skipped="0" hostname="CS0-37" name="cs265.SavingsAccountTest" tests="4" failures="0" timestamp="16 Feb 2018 14:38:09 GMT" time="0.023" errors="0">
  <testcase name="discountRate_test3" time="0.001" classname="cs265.SavingsAccountTest"/>
  <testcase name="discountRate_test1" time="0.018" classname="cs265.SavingsAccountTest"/>
  <testcase name="discountRate_test4" time="0.001" classname="cs265.SavingsAccountTest"/>
  <testcase name="discountRate_test2" time="0.003" classname="cs265.SavingsAccountTest"/>
</testsuite> <!-- cs265.SavingsAccountTest -->
